-------------------------------------------------------------------------------
Test set: runners.RunnerClass
-------------------------------------------------------------------------------
Tests run: 2, Failures: 0, Errors: 2, Skipped: 0, Time elapsed: 7.433 s <<< FAILURE! -- in runners.RunnerClass
Login related scenarios.validate the error message for wrong credentials #1 -- Time elapsed: 0.868 s <<< ERROR!
java.lang.NullPointerException: Cannot read field "usernameField" because "steps.loginSteps.loginPage" is null
	at steps.loginSteps.user_enters_the_username_and_the_password(loginSteps.java:48)
	at ✽.user enters the username "Admin" and the password "Hum"(file:///C:/Users/muluk/IdeaProjects/cuccumberBatch16Review/src/test/resources/features/login.feature:19)

Login related scenarios.validate the error message for wrong credentials #2 -- Time elapsed: 0.090 s <<< ERROR!
java.lang.NullPointerException: Cannot read field "usernameField" because "steps.loginSteps.loginPage" is null
	at steps.loginSteps.user_enters_the_username_and_the_password(loginSteps.java:48)
	at ✽.user enters the username "" and the password "Hum@nhrm123"(file:///C:/Users/muluk/IdeaProjects/cuccumberBatch16Review/src/test/resources/features/login.feature:19)

